This file contains any messages produced by compilers while
running configure, to aid debugging if configure makes a mistake.

It was created by F2FS tools configure 1.4.1, which was
generated by GNU Autoconf 2.69.  Invocation command line was

  $ ./configure 

## --------- ##
## Platform. ##
## --------- ##

hostname = localhost.localdomain
uname -m = x86_64
uname -r = 3.10.0-514.el7.x86_64
uname -s = Linux
uname -v = #1 SMP Tue Nov 22 16:42:41 UTC 2016

/usr/bin/uname -p = x86_64
/bin/uname -X     = unknown

/bin/arch              = x86_64
/usr/bin/arch -k       = unknown
/usr/convex/getsysinfo = unknown
/usr/bin/hostinfo      = unknown
/bin/machine           = unknown
/usr/bin/oslevel       = unknown
/bin/universe          = unknown

PATH: /sbin
PATH: /bin
PATH: /usr/sbin
PATH: /usr/bin
PATH: /usr/local/git/bin
PATH: /root/bin


## ----------- ##
## Core tests. ##
## ----------- ##

configure:2424: checking for .git
configure:2437: result: yes
configure:2499: checking for a BSD-compatible install
configure:2567: result: /bin/install -c
configure:2578: checking whether build environment is sane
configure:2633: result: yes
configure:2784: checking for a thread-safe mkdir -p
configure:2823: result: /bin/mkdir -p
configure:2830: checking for gawk
configure:2846: found /bin/gawk
configure:2857: result: gawk
configure:2868: checking whether make sets $(MAKE)
configure:2890: result: yes
configure:2919: checking whether make supports nested variables
configure:2936: result: yes
configure:3015: checking how to create a pax tar archive
configure:3026: tar --version
tar (GNU tar) 1.26
Copyright (C) 2011 Free Software Foundation, Inc.
License GPLv3+: GNU GPL version 3 or later <http://gnu.org/licenses/gpl.html>.
This is free software: you are free to change and redistribute it.
There is NO WARRANTY, to the extent permitted by law.

Written by John Gilmore and Jay Fenlason.
configure:3029: $? = 0
configure:3069: tardir=conftest.dir && eval tar --format=posix -chf - "$tardir" >conftest.tar
configure:3072: $? = 0
configure:3076: tar -xf - <conftest.tar
configure:3079: $? = 0
configure:3081: cat conftest.dir/file
GrepMe
configure:3084: $? = 0
configure:3097: result: gnutar
configure:3118: checking for style of include used by make
configure:3146: result: GNU
configure:3217: checking for gcc
configure:3233: found /bin/gcc
configure:3244: result: gcc
configure:3473: checking for C compiler version
configure:3482: gcc --version >&5
gcc (GCC) 4.8.5 20150623 (Red Hat 4.8.5-11)
Copyright (C) 2015 Free Software Foundation, Inc.
This is free software; see the source for copying conditions.  There is NO
warranty; not even for MERCHANTABILITY or FITNESS FOR A PARTICULAR PURPOSE.

configure:3493: $? = 0
configure:3482: gcc -v >&5
Using built-in specs.
COLLECT_GCC=gcc
COLLECT_LTO_WRAPPER=/usr/libexec/gcc/x86_64-redhat-linux/4.8.5/lto-wrapper
Target: x86_64-redhat-linux
Configured with: ../configure --prefix=/usr --mandir=/usr/share/man --infodir=/usr/share/info --with-bugurl=http://bugzilla.redhat.com/bugzilla --enable-bootstrap --enable-shared --enable-threads=posix --enable-checking=release --with-system-zlib --enable-__cxa_atexit --disable-libunwind-exceptions --enable-gnu-unique-object --enable-linker-build-id --with-linker-hash-style=gnu --enable-languages=c,c++,objc,obj-c++,java,fortran,ada,go,lto --enable-plugin --enable-initfini-array --disable-libgcj --with-isl=/builddir/build/BUILD/gcc-4.8.5-20150702/obj-x86_64-redhat-linux/isl-install --with-cloog=/builddir/build/BUILD/gcc-4.8.5-20150702/obj-x86_64-redhat-linux/cloog-install --enable-gnu-indirect-function --with-tune=generic --with-arch_32=x86-64 --build=x86_64-redhat-linux
Thread model: posix
gcc version 4.8.5 20150623 (Red Hat 4.8.5-11) (GCC) 
configure:3493: $? = 0
configure:3482: gcc -V >&5
gcc: error: unrecognized command line option '-V'
gcc: fatal error: no input files
compilation terminated.
configure:3493: $? = 4
configure:3482: gcc -qversion >&5
gcc: error: unrecognized command line option '-qversion'
gcc: fatal error: no input files
compilation terminated.
configure:3493: $? = 4
configure:3513: checking whether the C compiler works
configure:3535: gcc    conftest.c  >&5
configure:3539: $? = 0
configure:3587: result: yes
configure:3590: checking for C compiler default output file name
configure:3592: result: a.out
configure:3598: checking for suffix of executables
configure:3605: gcc -o conftest    conftest.c  >&5
configure:3609: $? = 0
configure:3631: result: 
configure:3653: checking whether we are cross compiling
configure:3661: gcc -o conftest    conftest.c  >&5
configure:3665: $? = 0
configure:3672: ./conftest
configure:3676: $? = 0
configure:3691: result: no
configure:3696: checking for suffix of object files
configure:3718: gcc -c   conftest.c >&5
configure:3722: $? = 0
configure:3743: result: o
configure:3747: checking whether we are using the GNU C compiler
configure:3766: gcc -c   conftest.c >&5
configure:3766: $? = 0
configure:3775: result: yes
configure:3784: checking whether gcc accepts -g
configure:3804: gcc -c -g  conftest.c >&5
configure:3804: $? = 0
configure:3845: result: yes
configure:3862: checking for gcc option to accept ISO C89
configure:3925: gcc  -c -g -O2  conftest.c >&5
configure:3925: $? = 0
configure:3938: result: none needed
configure:3960: checking dependency style of gcc
configure:4071: result: gcc3
configure:4092: checking how to run the C preprocessor
configure:4123: gcc -E  conftest.c
configure:4123: $? = 0
configure:4137: gcc -E  conftest.c
conftest.c:15:28: fatal error: ac_nonexistent.h: No such file or directory
 #include <ac_nonexistent.h>
                            ^
compilation terminated.
configure:4137: $? = 1
configure: failed program was:
| /* confdefs.h */
| #define PACKAGE_NAME "F2FS tools"
| #define PACKAGE_TARNAME "f2fs-tools"
| #define PACKAGE_VERSION "1.4.1"
| #define PACKAGE_STRING "F2FS tools 1.4.1"
| #define PACKAGE_BUGREPORT "linux-f2fs-devel@lists.sourceforge.net"
| #define PACKAGE_URL ""
| #define F2FS_TOOLS_VERSION "1.4.1"
| #define F2FS_MAJOR_VERSION 1
| #define F2FS_MINOR_VERSION 4
| #define F2FS_TOOLS_DATE "2016-11-03"
| #define PACKAGE "f2fs-tools"
| #define VERSION "1.4.1"
| /* end confdefs.h.  */
| #include <ac_nonexistent.h>
configure:4162: result: gcc -E
configure:4182: gcc -E  conftest.c
configure:4182: $? = 0
configure:4196: gcc -E  conftest.c
conftest.c:15:28: fatal error: ac_nonexistent.h: No such file or directory
 #include <ac_nonexistent.h>
                            ^
compilation terminated.
configure:4196: $? = 1
configure: failed program was:
| /* confdefs.h */
| #define PACKAGE_NAME "F2FS tools"
| #define PACKAGE_TARNAME "f2fs-tools"
| #define PACKAGE_VERSION "1.4.1"
| #define PACKAGE_STRING "F2FS tools 1.4.1"
| #define PACKAGE_BUGREPORT "linux-f2fs-devel@lists.sourceforge.net"
| #define PACKAGE_URL ""
| #define F2FS_TOOLS_VERSION "1.4.1"
| #define F2FS_MAJOR_VERSION 1
| #define F2FS_MINOR_VERSION 4
| #define F2FS_TOOLS_DATE "2016-11-03"
| #define PACKAGE "f2fs-tools"
| #define VERSION "1.4.1"
| /* end confdefs.h.  */
| #include <ac_nonexistent.h>
configure:4225: checking for grep that handles long lines and -e
configure:4283: result: /bin/grep
configure:4288: checking for egrep
configure:4350: result: /bin/grep -E
configure:4355: checking for ANSI C header files
configure:4375: gcc -c -g -O2  conftest.c >&5
configure:4375: $? = 0
configure:4448: gcc -o conftest -g -O2   conftest.c  >&5
configure:4448: $? = 0
configure:4448: ./conftest
configure:4448: $? = 0
configure:4459: result: yes
configure:4472: checking for sys/types.h
configure:4472: gcc -c -g -O2  conftest.c >&5
configure:4472: $? = 0
configure:4472: result: yes
configure:4472: checking for sys/stat.h
configure:4472: gcc -c -g -O2  conftest.c >&5
configure:4472: $? = 0
configure:4472: result: yes
configure:4472: checking for stdlib.h
configure:4472: gcc -c -g -O2  conftest.c >&5
configure:4472: $? = 0
configure:4472: result: yes
configure:4472: checking for string.h
configure:4472: gcc -c -g -O2  conftest.c >&5
configure:4472: $? = 0
configure:4472: result: yes
configure:4472: checking for memory.h
configure:4472: gcc -c -g -O2  conftest.c >&5
configure:4472: $? = 0
configure:4472: result: yes
configure:4472: checking for strings.h
configure:4472: gcc -c -g -O2  conftest.c >&5
configure:4472: $? = 0
configure:4472: result: yes
configure:4472: checking for inttypes.h
configure:4472: gcc -c -g -O2  conftest.c >&5
configure:4472: $? = 0
configure:4472: result: yes
configure:4472: checking for stdint.h
configure:4472: gcc -c -g -O2  conftest.c >&5
configure:4472: $? = 0
configure:4472: result: yes
configure:4472: checking for unistd.h
configure:4472: gcc -c -g -O2  conftest.c >&5
configure:4472: $? = 0
configure:4472: result: yes
configure:4490: checking for fcntl.h
configure:4490: gcc -c -g -O2  conftest.c >&5
configure:4490: $? = 0
configure:4490: result: yes
configure:4490: checking for mntent.h
configure:4490: gcc -c -g -O2  conftest.c >&5
configure:4490: $? = 0
configure:4490: result: yes
configure:4490: checking for stdlib.h
configure:4490: result: yes
configure:4490: checking for string.h
configure:4490: result: yes
configure:4490: checking for unistd.h
configure:4490: result: yes
configure:4490: checking for sys/ioctl.h
configure:4490: gcc -c -g -O2  conftest.c >&5
configure:4490: $? = 0
configure:4490: result: yes
configure:4490: checking for sys/mount.h
configure:4490: gcc -c -g -O2  conftest.c >&5
configure:4490: $? = 0
configure:4490: result: yes
configure:4566: checking for gcc
configure:4593: result: gcc
configure:4822: checking for C compiler version
configure:4831: gcc --version >&5
gcc (GCC) 4.8.5 20150623 (Red Hat 4.8.5-11)
Copyright (C) 2015 Free Software Foundation, Inc.
This is free software; see the source for copying conditions.  There is NO
warranty; not even for MERCHANTABILITY or FITNESS FOR A PARTICULAR PURPOSE.

configure:4842: $? = 0
configure:4831: gcc -v >&5
Using built-in specs.
COLLECT_GCC=gcc
COLLECT_LTO_WRAPPER=/usr/libexec/gcc/x86_64-redhat-linux/4.8.5/lto-wrapper
Target: x86_64-redhat-linux
Configured with: ../configure --prefix=/usr --mandir=/usr/share/man --infodir=/usr/share/info --with-bugurl=http://bugzilla.redhat.com/bugzilla --enable-bootstrap --enable-shared --enable-threads=posix --enable-checking=release --with-system-zlib --enable-__cxa_atexit --disable-libunwind-exceptions --enable-gnu-unique-object --enable-linker-build-id --with-linker-hash-style=gnu --enable-languages=c,c++,objc,obj-c++,java,fortran,ada,go,lto --enable-plugin --enable-initfini-array --disable-libgcj --with-isl=/builddir/build/BUILD/gcc-4.8.5-20150702/obj-x86_64-redhat-linux/isl-install --with-cloog=/builddir/build/BUILD/gcc-4.8.5-20150702/obj-x86_64-redhat-linux/cloog-install --enable-gnu-indirect-function --with-tune=generic --with-arch_32=x86-64 --build=x86_64-redhat-linux
Thread model: posix
gcc version 4.8.5 20150623 (Red Hat 4.8.5-11) (GCC) 
configure:4842: $? = 0
configure:4831: gcc -V >&5
gcc: error: unrecognized command line option '-V'
gcc: fatal error: no input files
compilation terminated.
configure:4842: $? = 4
configure:4831: gcc -qversion >&5
gcc: error: unrecognized command line option '-qversion'
gcc: fatal error: no input files
compilation terminated.
configure:4842: $? = 4
configure:4846: checking whether we are using the GNU C compiler
configure:4874: result: yes
configure:4883: checking whether gcc accepts -g
configure:4944: result: yes
configure:4961: checking for gcc option to accept ISO C89
configure:5037: result: none needed
configure:5059: checking dependency style of gcc
configure:5170: result: gcc3
configure:5214: checking build system type
configure:5228: result: x86_64-unknown-linux-gnu
configure:5248: checking host system type
configure:5261: result: x86_64-unknown-linux-gnu
configure:5302: checking how to print strings
configure:5329: result: printf
configure:5350: checking for a sed that does not truncate output
configure:5414: result: /bin/sed
configure:5432: checking for fgrep
configure:5494: result: /bin/grep -F
configure:5529: checking for ld used by gcc
configure:5596: result: /bin/ld
configure:5603: checking if the linker (/bin/ld) is GNU ld
configure:5618: result: yes
configure:5630: checking for BSD- or MS-compatible name lister (nm)
configure:5679: result: /bin/nm -B
configure:5809: checking the name lister (/bin/nm -B) interface
configure:5816: gcc -c -g -O2  conftest.c >&5
configure:5819: /bin/nm -B "conftest.o"
configure:5822: output
0000000000000000 B some_variable
configure:5829: result: BSD nm
configure:5832: checking whether ln -s works
configure:5836: result: yes
configure:5844: checking the maximum length of command line arguments
configure:5974: result: 1572864
configure:5991: checking whether the shell understands some XSI constructs
configure:6001: result: yes
configure:6005: checking whether the shell understands "+="
configure:6011: result: yes
configure:6046: checking how to convert x86_64-unknown-linux-gnu file names to x86_64-unknown-linux-gnu format
configure:6086: result: func_convert_file_noop
configure:6093: checking how to convert x86_64-unknown-linux-gnu file names to toolchain format
configure:6113: result: func_convert_file_noop
configure:6120: checking for /bin/ld option to reload object files
configure:6127: result: -r
configure:6201: checking for objdump
configure:6217: found /bin/objdump
configure:6228: result: objdump
configure:6260: checking how to recognize dependent libraries
configure:6462: result: pass_all
configure:6547: checking for dlltool
configure:6577: result: no
configure:6607: checking how to associate runtime and link libraries
configure:6634: result: printf %s\n
configure:6694: checking for ar
configure:6710: found /bin/ar
configure:6721: result: ar
configure:6758: checking for archiver @FILE support
configure:6775: gcc -c -g -O2  conftest.c >&5
configure:6775: $? = 0
configure:6778: ar cru libconftest.a @conftest.lst >&5
configure:6781: $? = 0
configure:6786: ar cru libconftest.a @conftest.lst >&5
ar: conftest.o: No such file or directory
configure:6789: $? = 1
configure:6801: result: @
configure:6859: checking for strip
configure:6875: found /bin/strip
configure:6886: result: strip
configure:6958: checking for ranlib
configure:6974: found /bin/ranlib
configure:6985: result: ranlib
configure:7087: checking command to parse /bin/nm -B output from gcc object
configure:7207: gcc -c -g -O2  conftest.c >&5
configure:7210: $? = 0
configure:7214: /bin/nm -B conftest.o \| sed -n -e 's/^.*[ ]\([ABCDGIRSTW][ABCDGIRSTW]*\)[ ][ ]*\([_A-Za-z][_A-Za-z0-9]*\)$/\1 \2 \2/p' | sed '/ __gnu_lto/d' \> conftest.nm
configure:7217: $? = 0
configure:7283: gcc -o conftest -g -O2   conftest.c conftstm.o >&5
configure:7286: $? = 0
configure:7324: result: ok
configure:7361: checking for sysroot
configure:7391: result: no
configure:7468: gcc -c -g -O2  conftest.c >&5
configure:7471: $? = 0
configure:7647: checking for mt
configure:7677: result: no
configure:7697: checking if : is a manifest tool
configure:7703: : '-?'
configure:7711: result: no
configure:8350: checking for dlfcn.h
configure:8350: gcc -c -g -O2  conftest.c >&5
configure:8350: $? = 0
configure:8350: result: yes
configure:8556: checking for objdir
configure:8571: result: .libs
configure:8842: checking if gcc supports -fno-rtti -fno-exceptions
configure:8860: gcc -c -g -O2  -fno-rtti -fno-exceptions conftest.c >&5
cc1: warning: command line option '-fno-rtti' is valid for C++/ObjC++ but not for C [enabled by default]
configure:8864: $? = 0
configure:8877: result: no
configure:9204: checking for gcc option to produce PIC
configure:9211: result: -fPIC -DPIC
configure:9219: checking if gcc PIC flag -fPIC -DPIC works
configure:9237: gcc -c -g -O2  -fPIC -DPIC -DPIC conftest.c >&5
configure:9241: $? = 0
configure:9254: result: yes
configure:9283: checking if gcc static flag -static works
configure:9311: result: no
configure:9326: checking if gcc supports -c -o file.o
configure:9347: gcc -c -g -O2  -o out/conftest2.o conftest.c >&5
configure:9351: $? = 0
configure:9373: result: yes
configure:9381: checking if gcc supports -c -o file.o
configure:9428: result: yes
configure:9461: checking whether the gcc linker (/bin/ld -m elf_x86_64) supports shared libraries
configure:10614: result: yes
configure:10651: checking whether -lc should be explicitly linked in
configure:10659: gcc -c -g -O2  conftest.c >&5
configure:10662: $? = 0
configure:10677: gcc -shared  -fPIC -DPIC conftest.o  -v -Wl,-soname -Wl,conftest -o conftest 2\>\&1 \| /bin/grep  -lc  \>/dev/null 2\>\&1
configure:10680: $? = 0
configure:10694: result: no
configure:10854: checking dynamic linker characteristics
configure:11365: gcc -o conftest -g -O2   -Wl,-rpath -Wl,/foo conftest.c  >&5
configure:11365: $? = 0
configure:11591: result: GNU/Linux ld.so
configure:11698: checking how to hardcode library paths into programs
configure:11723: result: immediate
configure:12263: checking whether stripping libraries is possible
configure:12268: result: yes
configure:12303: checking if libtool supports shared libraries
configure:12305: result: yes
configure:12308: checking whether to build shared libraries
configure:12329: result: yes
configure:12332: checking whether to build static libraries
configure:12336: result: yes
configure:12375: checking for ldconfig
configure:12394: found /sbin/ldconfig
configure:12407: result: /sbin/ldconfig
configure:12471: checking for pkg-config
configure:12489: found /bin/pkg-config
configure:12501: result: /bin/pkg-config
configure:12526: checking pkg-config is at least version 0.9.0
configure:12529: result: yes
configure:12539: checking for libuuid
configure:12546: $PKG_CONFIG --exists --print-errors "uuid"
configure:12549: $? = 0
configure:12563: $PKG_CONFIG --exists --print-errors "uuid"
configure:12566: $? = 0
configure:12624: result: yes
configure:12634: checking linux/fs.h usability
configure:12634: gcc -c -g -O2  conftest.c >&5
configure:12634: $? = 0
configure:12634: result: yes
configure:12634: checking linux/fs.h presence
configure:12634: gcc -E  conftest.c
configure:12634: $? = 0
configure:12634: result: yes
configure:12634: checking for linux/fs.h
configure:12634: result: yes
configure:12634: checking for fcntl.h
configure:12634: result: yes
configure:12634: checking for mntent.h
configure:12634: result: yes
configure:12634: checking for stdlib.h
configure:12634: result: yes
configure:12634: checking for string.h
configure:12634: result: yes
configure:12634: checking for sys/ioctl.h
configure:12634: result: yes
configure:12634: checking for sys/mount.h
configure:12634: result: yes
configure:12634: checking for unistd.h
configure:12634: result: yes
configure:12634: checking linux/falloc.h usability
configure:12634: gcc -c -g -O2  conftest.c >&5
configure:12634: $? = 0
configure:12634: result: yes
configure:12634: checking linux/falloc.h presence
configure:12634: gcc -E  conftest.c
configure:12634: $? = 0
configure:12634: result: yes
configure:12634: checking for linux/falloc.h
configure:12634: result: yes
configure:12634: checking byteswap.h usability
configure:12634: gcc -c -g -O2  conftest.c >&5
configure:12634: $? = 0
configure:12634: result: yes
configure:12634: checking byteswap.h presence
configure:12634: gcc -E  conftest.c
configure:12634: $? = 0
configure:12634: result: yes
configure:12634: checking for byteswap.h
configure:12634: result: yes
configure:12646: checking for inline
configure:12662: gcc -c -g -O2  conftest.c >&5
configure:12662: $? = 0
configure:12670: result: inline
configure:12688: checking for int32_t
configure:12688: gcc -c -g -O2  conftest.c >&5
configure:12688: $? = 0
configure:12688: gcc -c -g -O2  conftest.c >&5
conftest.c: In function 'main':
conftest.c:82:53: warning: integer overflow in expression [-Woverflow]
    < (int32_t) (((((int32_t) 1 << N) << N) - 1) * 2 + 2))];
                                                     ^
conftest.c:81:12: error: storage size of 'test_array' isn't constant
 static int test_array [1 - 2 * !((int32_t) (((((int32_t) 1 << N) << N) - 1) * 2 + 1)
            ^
configure:12688: $? = 1
configure: failed program was:
| /* confdefs.h */
| #define PACKAGE_NAME "F2FS tools"
| #define PACKAGE_TARNAME "f2fs-tools"
| #define PACKAGE_VERSION "1.4.1"
| #define PACKAGE_STRING "F2FS tools 1.4.1"
| #define PACKAGE_BUGREPORT "linux-f2fs-devel@lists.sourceforge.net"
| #define PACKAGE_URL ""
| #define F2FS_TOOLS_VERSION "1.4.1"
| #define F2FS_MAJOR_VERSION 1
| #define F2FS_MINOR_VERSION 4
| #define F2FS_TOOLS_DATE "2016-11-03"
| #define PACKAGE "f2fs-tools"
| #define VERSION "1.4.1"
| #define STDC_HEADERS 1
| #define HAVE_SYS_TYPES_H 1
| #define HAVE_SYS_STAT_H 1
| #define HAVE_STDLIB_H 1
| #define HAVE_STRING_H 1
| #define HAVE_MEMORY_H 1
| #define HAVE_STRINGS_H 1
| #define HAVE_INTTYPES_H 1
| #define HAVE_STDINT_H 1
| #define HAVE_UNISTD_H 1
| #define HAVE_FCNTL_H 1
| #define HAVE_MNTENT_H 1
| #define HAVE_STDLIB_H 1
| #define HAVE_STRING_H 1
| #define HAVE_UNISTD_H 1
| #define HAVE_SYS_IOCTL_H 1
| #define HAVE_SYS_MOUNT_H 1
| #define HAVE_DLFCN_H 1
| #define LT_OBJDIR ".libs/"
| #define HAVE_LINUX_FS_H 1
| #define HAVE_FCNTL_H 1
| #define HAVE_MNTENT_H 1
| #define HAVE_STDLIB_H 1
| #define HAVE_STRING_H 1
| #define HAVE_SYS_IOCTL_H 1
| #define HAVE_SYS_MOUNT_H 1
| #define HAVE_UNISTD_H 1
| #define HAVE_LINUX_FALLOC_H 1
| #define HAVE_BYTESWAP_H 1
| /* end confdefs.h.  */
| #include <stdio.h>
| #ifdef HAVE_SYS_TYPES_H
| # include <sys/types.h>
| #endif
| #ifdef HAVE_SYS_STAT_H
| # include <sys/stat.h>
| #endif
| #ifdef STDC_HEADERS
| # include <stdlib.h>
| # include <stddef.h>
| #else
| # ifdef HAVE_STDLIB_H
| #  include <stdlib.h>
| # endif
| #endif
| #ifdef HAVE_STRING_H
| # if !defined STDC_HEADERS && defined HAVE_MEMORY_H
| #  include <memory.h>
| # endif
| # include <string.h>
| #endif
| #ifdef HAVE_STRINGS_H
| # include <strings.h>
| #endif
| #ifdef HAVE_INTTYPES_H
| # include <inttypes.h>
| #endif
| #ifdef HAVE_STDINT_H
| # include <stdint.h>
| #endif
| #ifdef HAVE_UNISTD_H
| # include <unistd.h>
| #endif
| 	        enum { N = 32 / 2 - 1 };
| int
| main ()
| {
| static int test_array [1 - 2 * !((int32_t) (((((int32_t) 1 << N) << N) - 1) * 2 + 1)
| 		 < (int32_t) (((((int32_t) 1 << N) << N) - 1) * 2 + 2))];
| test_array [0] = 0;
| return test_array [0];
| 
|   ;
|   return 0;
| }
configure:12688: result: yes
configure:12699: checking for int8_t
configure:12699: gcc -c -g -O2  conftest.c >&5
configure:12699: $? = 0
configure:12699: gcc -c -g -O2  conftest.c >&5
conftest.c: In function 'main':
conftest.c:81:12: error: size of array 'test_array' is negative
 static int test_array [1 - 2 * !((int8_t) (((((int8_t) 1 << N) << N) - 1) * 2 + 1)
            ^
configure:12699: $? = 1
configure: failed program was:
| /* confdefs.h */
| #define PACKAGE_NAME "F2FS tools"
| #define PACKAGE_TARNAME "f2fs-tools"
| #define PACKAGE_VERSION "1.4.1"
| #define PACKAGE_STRING "F2FS tools 1.4.1"
| #define PACKAGE_BUGREPORT "linux-f2fs-devel@lists.sourceforge.net"
| #define PACKAGE_URL ""
| #define F2FS_TOOLS_VERSION "1.4.1"
| #define F2FS_MAJOR_VERSION 1
| #define F2FS_MINOR_VERSION 4
| #define F2FS_TOOLS_DATE "2016-11-03"
| #define PACKAGE "f2fs-tools"
| #define VERSION "1.4.1"
| #define STDC_HEADERS 1
| #define HAVE_SYS_TYPES_H 1
| #define HAVE_SYS_STAT_H 1
| #define HAVE_STDLIB_H 1
| #define HAVE_STRING_H 1
| #define HAVE_MEMORY_H 1
| #define HAVE_STRINGS_H 1
| #define HAVE_INTTYPES_H 1
| #define HAVE_STDINT_H 1
| #define HAVE_UNISTD_H 1
| #define HAVE_FCNTL_H 1
| #define HAVE_MNTENT_H 1
| #define HAVE_STDLIB_H 1
| #define HAVE_STRING_H 1
| #define HAVE_UNISTD_H 1
| #define HAVE_SYS_IOCTL_H 1
| #define HAVE_SYS_MOUNT_H 1
| #define HAVE_DLFCN_H 1
| #define LT_OBJDIR ".libs/"
| #define HAVE_LINUX_FS_H 1
| #define HAVE_FCNTL_H 1
| #define HAVE_MNTENT_H 1
| #define HAVE_STDLIB_H 1
| #define HAVE_STRING_H 1
| #define HAVE_SYS_IOCTL_H 1
| #define HAVE_SYS_MOUNT_H 1
| #define HAVE_UNISTD_H 1
| #define HAVE_LINUX_FALLOC_H 1
| #define HAVE_BYTESWAP_H 1
| /* end confdefs.h.  */
| #include <stdio.h>
| #ifdef HAVE_SYS_TYPES_H
| # include <sys/types.h>
| #endif
| #ifdef HAVE_SYS_STAT_H
| # include <sys/stat.h>
| #endif
| #ifdef STDC_HEADERS
| # include <stdlib.h>
| # include <stddef.h>
| #else
| # ifdef HAVE_STDLIB_H
| #  include <stdlib.h>
| # endif
| #endif
| #ifdef HAVE_STRING_H
| # if !defined STDC_HEADERS && defined HAVE_MEMORY_H
| #  include <memory.h>
| # endif
| # include <string.h>
| #endif
| #ifdef HAVE_STRINGS_H
| # include <strings.h>
| #endif
| #ifdef HAVE_INTTYPES_H
| # include <inttypes.h>
| #endif
| #ifdef HAVE_STDINT_H
| # include <stdint.h>
| #endif
| #ifdef HAVE_UNISTD_H
| # include <unistd.h>
| #endif
| 	        enum { N = 8 / 2 - 1 };
| int
| main ()
| {
| static int test_array [1 - 2 * !((int8_t) (((((int8_t) 1 << N) << N) - 1) * 2 + 1)
| 		 < (int8_t) (((((int8_t) 1 << N) << N) - 1) * 2 + 2))];
| test_array [0] = 0;
| return test_array [0];
| 
|   ;
|   return 0;
| }
configure:12699: result: yes
configure:12710: checking for size_t
configure:12710: gcc -c -g -O2  conftest.c >&5
configure:12710: $? = 0
configure:12710: gcc -c -g -O2  conftest.c >&5
conftest.c: In function 'main':
conftest.c:80:21: error: expected expression before ')' token
 if (sizeof ((size_t)))
                     ^
configure:12710: $? = 1
configure: failed program was:
| /* confdefs.h */
| #define PACKAGE_NAME "F2FS tools"
| #define PACKAGE_TARNAME "f2fs-tools"
| #define PACKAGE_VERSION "1.4.1"
| #define PACKAGE_STRING "F2FS tools 1.4.1"
| #define PACKAGE_BUGREPORT "linux-f2fs-devel@lists.sourceforge.net"
| #define PACKAGE_URL ""
| #define F2FS_TOOLS_VERSION "1.4.1"
| #define F2FS_MAJOR_VERSION 1
| #define F2FS_MINOR_VERSION 4
| #define F2FS_TOOLS_DATE "2016-11-03"
| #define PACKAGE "f2fs-tools"
| #define VERSION "1.4.1"
| #define STDC_HEADERS 1
| #define HAVE_SYS_TYPES_H 1
| #define HAVE_SYS_STAT_H 1
| #define HAVE_STDLIB_H 1
| #define HAVE_STRING_H 1
| #define HAVE_MEMORY_H 1
| #define HAVE_STRINGS_H 1
| #define HAVE_INTTYPES_H 1
| #define HAVE_STDINT_H 1
| #define HAVE_UNISTD_H 1
| #define HAVE_FCNTL_H 1
| #define HAVE_MNTENT_H 1
| #define HAVE_STDLIB_H 1
| #define HAVE_STRING_H 1
| #define HAVE_UNISTD_H 1
| #define HAVE_SYS_IOCTL_H 1
| #define HAVE_SYS_MOUNT_H 1
| #define HAVE_DLFCN_H 1
| #define LT_OBJDIR ".libs/"
| #define HAVE_LINUX_FS_H 1
| #define HAVE_FCNTL_H 1
| #define HAVE_MNTENT_H 1
| #define HAVE_STDLIB_H 1
| #define HAVE_STRING_H 1
| #define HAVE_SYS_IOCTL_H 1
| #define HAVE_SYS_MOUNT_H 1
| #define HAVE_UNISTD_H 1
| #define HAVE_LINUX_FALLOC_H 1
| #define HAVE_BYTESWAP_H 1
| /* end confdefs.h.  */
| #include <stdio.h>
| #ifdef HAVE_SYS_TYPES_H
| # include <sys/types.h>
| #endif
| #ifdef HAVE_SYS_STAT_H
| # include <sys/stat.h>
| #endif
| #ifdef STDC_HEADERS
| # include <stdlib.h>
| # include <stddef.h>
| #else
| # ifdef HAVE_STDLIB_H
| #  include <stdlib.h>
| # endif
| #endif
| #ifdef HAVE_STRING_H
| # if !defined STDC_HEADERS && defined HAVE_MEMORY_H
| #  include <memory.h>
| # endif
| # include <string.h>
| #endif
| #ifdef HAVE_STRINGS_H
| # include <strings.h>
| #endif
| #ifdef HAVE_INTTYPES_H
| # include <inttypes.h>
| #endif
| #ifdef HAVE_STDINT_H
| # include <stdint.h>
| #endif
| #ifdef HAVE_UNISTD_H
| # include <unistd.h>
| #endif
| int
| main ()
| {
| if (sizeof ((size_t)))
| 	    return 0;
|   ;
|   return 0;
| }
configure:12710: result: yes
configure:12725: checking for library containing getmntent
configure:12756: gcc -o conftest -g -O2   conftest.c  >&5
configure:12756: $? = 0
configure:12773: result: none required
configure:12793: checking for getmntent
configure:12793: result: yes
configure:12793: checking for memset
configure:12793: gcc -o conftest -g -O2   conftest.c  >&5
conftest.c:69:6: warning: conflicting types for built-in function 'memset' [enabled by default]
 char memset ();
      ^
configure:12793: $? = 0
configure:12793: result: yes
configure:12809: checking whether bswap_64 is declared
configure:12809: gcc -c -g -O2  conftest.c >&5
configure:12809: $? = 0
configure:12809: result: yes
configure:12943: checking that generated files are newer than configure
configure:12949: result: done
configure:12976: creating ./config.status

## ---------------------- ##
## Running config.status. ##
## ---------------------- ##

This file was extended by F2FS tools config.status 1.4.1, which was
generated by GNU Autoconf 2.69.  Invocation command line was

  CONFIG_FILES    = 
  CONFIG_HEADERS  = 
  CONFIG_LINKS    = 
  CONFIG_COMMANDS = 
  $ ./config.status 

on localhost.localdomain

config.status:1116: creating Makefile
config.status:1116: creating man/Makefile
config.status:1116: creating lib/Makefile
config.status:1116: creating mkfs/Makefile
config.status:1116: creating fsck/Makefile
config.status:1116: creating tools/Makefile
config.status:1116: creating config.h
config.status:1345: executing depfiles commands
config.status:1345: executing libtool commands

## ---------------- ##
## Cache variables. ##
## ---------------- ##

ac_cv_build=x86_64-unknown-linux-gnu
ac_cv_c_compiler_gnu=yes
ac_cv_c_inline=inline
ac_cv_c_int32_t=yes
ac_cv_c_int8_t=yes
ac_cv_env_CC_set=
ac_cv_env_CC_value=
ac_cv_env_CFLAGS_set=
ac_cv_env_CFLAGS_value=
ac_cv_env_CPPFLAGS_set=
ac_cv_env_CPPFLAGS_value=
ac_cv_env_CPP_set=
ac_cv_env_CPP_value=
ac_cv_env_LDFLAGS_set=
ac_cv_env_LDFLAGS_value=
ac_cv_env_LIBS_set=
ac_cv_env_LIBS_value=
ac_cv_env_PKG_CONFIG_LIBDIR_set=
ac_cv_env_PKG_CONFIG_LIBDIR_value=
ac_cv_env_PKG_CONFIG_PATH_set=
ac_cv_env_PKG_CONFIG_PATH_value=
ac_cv_env_PKG_CONFIG_set=
ac_cv_env_PKG_CONFIG_value=
ac_cv_env_build_alias_set=
ac_cv_env_build_alias_value=
ac_cv_env_host_alias_set=
ac_cv_env_host_alias_value=
ac_cv_env_libuuid_CFLAGS_set=
ac_cv_env_libuuid_CFLAGS_value=
ac_cv_env_libuuid_LIBS_set=
ac_cv_env_libuuid_LIBS_value=
ac_cv_env_target_alias_set=
ac_cv_env_target_alias_value=
ac_cv_file__git=yes
ac_cv_func_getmntent=yes
ac_cv_func_memset=yes
ac_cv_have_decl_bswap_64=yes
ac_cv_header_byteswap_h=yes
ac_cv_header_dlfcn_h=yes
ac_cv_header_fcntl_h=yes
ac_cv_header_inttypes_h=yes
ac_cv_header_linux_falloc_h=yes
ac_cv_header_linux_fs_h=yes
ac_cv_header_memory_h=yes
ac_cv_header_mntent_h=yes
ac_cv_header_stdc=yes
ac_cv_header_stdint_h=yes
ac_cv_header_stdlib_h=yes
ac_cv_header_string_h=yes
ac_cv_header_strings_h=yes
ac_cv_header_sys_ioctl_h=yes
ac_cv_header_sys_mount_h=yes
ac_cv_header_sys_stat_h=yes
ac_cv_header_sys_types_h=yes
ac_cv_header_unistd_h=yes
ac_cv_host=x86_64-unknown-linux-gnu
ac_cv_objext=o
ac_cv_path_EGREP='/bin/grep -E'
ac_cv_path_FGREP='/bin/grep -F'
ac_cv_path_GREP=/bin/grep
ac_cv_path_LDCONFIG=/sbin/ldconfig
ac_cv_path_SED=/bin/sed
ac_cv_path_ac_pt_PKG_CONFIG=/bin/pkg-config
ac_cv_path_install='/bin/install -c'
ac_cv_path_mkdir=/bin/mkdir
ac_cv_prog_AWK=gawk
ac_cv_prog_CPP='gcc -E'
ac_cv_prog_ac_ct_AR=ar
ac_cv_prog_ac_ct_CC=gcc
ac_cv_prog_ac_ct_OBJDUMP=objdump
ac_cv_prog_ac_ct_RANLIB=ranlib
ac_cv_prog_ac_ct_STRIP=strip
ac_cv_prog_cc_c89=
ac_cv_prog_cc_g=yes
ac_cv_prog_make_make_set=yes
ac_cv_search_getmntent='none required'
ac_cv_type_size_t=yes
am_cv_CC_dependencies_compiler_type=gcc3
am_cv_make_support_nested_variables=yes
am_cv_prog_tar_pax=gnutar
lt_cv_ar_at_file=@
lt_cv_archive_cmds_need_lc=no
lt_cv_deplibs_check_method=pass_all
lt_cv_file_magic_cmd='$MAGIC_CMD'
lt_cv_file_magic_test_file=
lt_cv_ld_reload_flag=-r
lt_cv_nm_interface='BSD nm'
lt_cv_objdir=.libs
lt_cv_path_LD=/bin/ld
lt_cv_path_NM='/bin/nm -B'
lt_cv_path_mainfest_tool=no
lt_cv_prog_compiler_c_o=yes
lt_cv_prog_compiler_pic='-fPIC -DPIC'
lt_cv_prog_compiler_pic_works=yes
lt_cv_prog_compiler_rtti_exceptions=no
lt_cv_prog_compiler_static_works=no
lt_cv_prog_gnu_ld=yes
lt_cv_sharedlib_from_linklib_cmd='printf %s\n'
lt_cv_shlibpath_overrides_runpath=no
lt_cv_sys_global_symbol_pipe='sed -n -e '\''s/^.*[	 ]\([ABCDGIRSTW][ABCDGIRSTW]*\)[	 ][	 ]*\([_A-Za-z][_A-Za-z0-9]*\)$/\1 \2 \2/p'\'' | sed '\''/ __gnu_lto/d'\'''
lt_cv_sys_global_symbol_to_c_name_address='sed -n -e '\''s/^: \([^ ]*\)[ ]*$/  {\"\1\", (void *) 0},/p'\'' -e '\''s/^[ABCDGIRSTW]* \([^ ]*\) \([^ ]*\)$/  {"\2", (void *) \&\2},/p'\'''
lt_cv_sys_global_symbol_to_c_name_address_lib_prefix='sed -n -e '\''s/^: \([^ ]*\)[ ]*$/  {\"\1\", (void *) 0},/p'\'' -e '\''s/^[ABCDGIRSTW]* \([^ ]*\) \(lib[^ ]*\)$/  {"\2", (void *) \&\2},/p'\'' -e '\''s/^[ABCDGIRSTW]* \([^ ]*\) \([^ ]*\)$/  {"lib\2", (void *) \&\2},/p'\'''
lt_cv_sys_global_symbol_to_cdecl='sed -n -e '\''s/^T .* \(.*\)$/extern int \1();/p'\'' -e '\''s/^[ABCDGIRSTW]* .* \(.*\)$/extern char \1;/p'\'''
lt_cv_sys_max_cmd_len=1572864
lt_cv_to_host_file_cmd=func_convert_file_noop
lt_cv_to_tool_file_cmd=func_convert_file_noop
pkg_cv_libuuid_CFLAGS='-I/usr/include/uuid  '
pkg_cv_libuuid_LIBS='-luuid  '

## ----------------- ##
## Output variables. ##
## ----------------- ##

ACLOCAL='${SHELL} /home/huststephen/f2fs_tools_android6/build-aux/missing aclocal-1.13'
AMDEPBACKSLASH='\'
AMDEP_FALSE='#'
AMDEP_TRUE=''
AMTAR='$${TAR-tar}'
AM_BACKSLASH='\'
AM_DEFAULT_V='$(AM_DEFAULT_VERBOSITY)'
AM_DEFAULT_VERBOSITY='1'
AM_V='$(V)'
AR='ar'
AUTOCONF='${SHELL} /home/huststephen/f2fs_tools_android6/build-aux/missing autoconf'
AUTOHEADER='${SHELL} /home/huststephen/f2fs_tools_android6/build-aux/missing autoheader'
AUTOMAKE='${SHELL} /home/huststephen/f2fs_tools_android6/build-aux/missing automake-1.13'
AWK='gawk'
CC='gcc'
CCDEPMODE='depmode=gcc3'
CFLAGS='-g -O2'
CPP='gcc -E'
CPPFLAGS=''
CYGPATH_W='echo'
DEFS='-DHAVE_CONFIG_H'
DEPDIR='.deps'
DLLTOOL='false'
DSYMUTIL=''
DUMPBIN=''
ECHO_C=''
ECHO_N='-n'
ECHO_T=''
EGREP='/bin/grep -E'
EXEEXT=''
FGREP='/bin/grep -F'
GREP='/bin/grep'
INSTALL_DATA='${INSTALL} -m 644'
INSTALL_PROGRAM='${INSTALL}'
INSTALL_SCRIPT='${INSTALL}'
INSTALL_STRIP_PROGRAM='$(install_sh) -c -s'
LD='/bin/ld -m elf_x86_64'
LDCONFIG='/sbin/ldconfig'
LDFLAGS=''
LIBOBJS=''
LIBS=''
LIBTOOL='$(SHELL) $(top_builddir)/libtool'
LIPO=''
LN_S='ln -s'
LTLIBOBJS=''
MAKEINFO='${SHELL} /home/huststephen/f2fs_tools_android6/build-aux/missing makeinfo'
MANIFEST_TOOL=':'
MKDIR_P='/bin/mkdir -p'
NM='/bin/nm -B'
NMEDIT=''
OBJDUMP='objdump'
OBJEXT='o'
OTOOL64=''
OTOOL=''
PACKAGE='f2fs-tools'
PACKAGE_BUGREPORT='linux-f2fs-devel@lists.sourceforge.net'
PACKAGE_NAME='F2FS tools'
PACKAGE_STRING='F2FS tools 1.4.1'
PACKAGE_TARNAME='f2fs-tools'
PACKAGE_URL=''
PACKAGE_VERSION='1.4.1'
PATH_SEPARATOR=':'
PKG_CONFIG='/bin/pkg-config'
PKG_CONFIG_LIBDIR=''
PKG_CONFIG_PATH=''
RANLIB='ranlib'
SED='/bin/sed'
SET_MAKE=''
SHELL='/bin/sh'
STRIP='strip'
VERSION='1.4.1'
ac_ct_AR='ar'
ac_ct_CC='gcc'
ac_ct_DUMPBIN=''
am__EXEEXT_FALSE=''
am__EXEEXT_TRUE='#'
am__fastdepCC_FALSE='#'
am__fastdepCC_TRUE=''
am__include='include'
am__isrc=''
am__leading_dot='.'
am__nodep='_no'
am__quote=''
am__tar='tar --format=posix -chf - "$$tardir"'
am__untar='tar -xf -'
bindir='${exec_prefix}/bin'
build='x86_64-unknown-linux-gnu'
build_alias=''
build_cpu='x86_64'
build_os='linux-gnu'
build_vendor='unknown'
datadir='${datarootdir}'
datarootdir='${prefix}/share'
docdir='${datarootdir}/doc/${PACKAGE_TARNAME}'
dvidir='${docdir}'
exec_prefix='${prefix}'
host='x86_64-unknown-linux-gnu'
host_alias=''
host_cpu='x86_64'
host_os='linux-gnu'
host_vendor='unknown'
htmldir='${docdir}'
includedir='${prefix}/include'
infodir='${datarootdir}/info'
install_sh='${SHELL} /home/huststephen/f2fs_tools_android6/build-aux/install-sh'
libdir='${exec_prefix}/lib'
libexecdir='${exec_prefix}/libexec'
libuuid_CFLAGS='-I/usr/include/uuid  '
libuuid_LIBS='-luuid  '
localedir='${datarootdir}/locale'
localstatedir='/var'
mandir='${datarootdir}/man'
mkdir_p='$(MKDIR_P)'
oldincludedir='/usr/include'
pdfdir='${docdir}'
prefix='/usr'
program_transform_name='s,x,x,'
psdir='${docdir}'
sbindir='/sbin'
sharedstatedir='${prefix}/com'
sysconfdir='/etc'
target_alias=''

## ----------- ##
## confdefs.h. ##
## ----------- ##

/* confdefs.h */
#define PACKAGE_NAME "F2FS tools"
#define PACKAGE_TARNAME "f2fs-tools"
#define PACKAGE_VERSION "1.4.1"
#define PACKAGE_STRING "F2FS tools 1.4.1"
#define PACKAGE_BUGREPORT "linux-f2fs-devel@lists.sourceforge.net"
#define PACKAGE_URL ""
#define F2FS_TOOLS_VERSION "1.4.1"
#define F2FS_MAJOR_VERSION 1
#define F2FS_MINOR_VERSION 4
#define F2FS_TOOLS_DATE "2016-11-03"
#define PACKAGE "f2fs-tools"
#define VERSION "1.4.1"
#define STDC_HEADERS 1
#define HAVE_SYS_TYPES_H 1
#define HAVE_SYS_STAT_H 1
#define HAVE_STDLIB_H 1
#define HAVE_STRING_H 1
#define HAVE_MEMORY_H 1
#define HAVE_STRINGS_H 1
#define HAVE_INTTYPES_H 1
#define HAVE_STDINT_H 1
#define HAVE_UNISTD_H 1
#define HAVE_FCNTL_H 1
#define HAVE_MNTENT_H 1
#define HAVE_STDLIB_H 1
#define HAVE_STRING_H 1
#define HAVE_UNISTD_H 1
#define HAVE_SYS_IOCTL_H 1
#define HAVE_SYS_MOUNT_H 1
#define HAVE_DLFCN_H 1
#define LT_OBJDIR ".libs/"
#define HAVE_LINUX_FS_H 1
#define HAVE_FCNTL_H 1
#define HAVE_MNTENT_H 1
#define HAVE_STDLIB_H 1
#define HAVE_STRING_H 1
#define HAVE_SYS_IOCTL_H 1
#define HAVE_SYS_MOUNT_H 1
#define HAVE_UNISTD_H 1
#define HAVE_LINUX_FALLOC_H 1
#define HAVE_BYTESWAP_H 1
#define HAVE_GETMNTENT 1
#define HAVE_GETMNTENT 1
#define HAVE_MEMSET 1
#define HAVE_DECL_BSWAP_64 1

configure: exit 0
